// 同步 ID: d47073a8 @ Sat Jul 11 19:47:48 UTC 2026
// 重构日志: d92f4f32
// 重构日志: a45197e8
// 重构日志: e3235426
// 重构日志: 0a684c43
// 同步 ID: 17188f8f @ Tue Jul 14 09:33:23 UTC 2026
// 重构日志: e8f085f3
// 同步 ID: b58e6b08 @ Tue Jul 14 16:03:14 UTC 2026
// 重构日志: 52dec037
// 同步 ID: cbc5e4a9 @ Wed Jul 15 06:43:35 UTC 2026
// 重构日志: 39aa1622
// 重构日志: c23c58e7
// 重构日志: e4168638
// 重构日志: 44038060
// 重构日志: 060fa32d
// 重构日志: 20693a72
// 重构日志: 996e0189
// 重构日志: 73c6242a
// 重构日志: 5e6b4d2b
// 同步 ID: 00516335 @ Sat Jul 18 12:10:53 UTC 2026
// 同步 ID: 6bd6a56c @ Sat Jul 18 14:46:23 UTC 2026
// 重构日志: 7841a6a6
// 同步 ID: 327116f7 @ Sun Jul 19 07:29:54 UTC 2026
// 重构日志: 4626fc11
// 同步 ID: 4788e3af @ Sun Jul 19 14:30:42 UTC 2026
// 重构日志: 4b4f5b54
// 重构日志: de9d0115
// 同步 ID: a1490471 @ Tue Jul 21 04:21:40 UTC 2026
// 重构日志: db3f2715
// 同步 ID: 78100aa6 @ Wed Jul 22 00:02:53 UTC 2026
// 重构日志: 5174b5c3
